logs/kv2_sp1024.txt
val_bpb:enabled tokenizer_kind=sentencepiece tokenizer_path=./data/tokenizers/fineweb_1024_bpe.model
train_loader:dataset:fineweb10B_sp1024 train_shards:1
val_loader:shards pattern=./data/datasets/fineweb10B_sp1024/fineweb_val_*.bin tokens:62021632
model_params:15880264
world_size:1 grad_accum_steps:8
sdp_backends:cudnn=False flash=True mem_efficient=False math=False
attention_mode:gqa num_heads:8 num_kv_heads:2
tie_embeddings:True embed_lr:0.05 head_lr:0.0 matrix_lr:0.04 scalar_lr:0.04
train_batch_tokens:524288 train_seq_len:1024 iterations:20000 warmup_steps:20 max_wallclock_seconds:600.000
seed:1337
[rank0]: Traceback (most recent call last):
[rank0]:   File "/workspace/parameter-golf/train_gpt.py", line 1372, in <module>
[rank0]:     main()
[rank0]:   File "/workspace/parameter-golf/train_gpt.py", line 1181, in main
[rank0]:     (warmup_loss * grad_scale).backward()
[rank0]:   File "/usr/local/lib/python3.11/dist-packages/torch/_tensor.py", line 630, in backward
[rank0]:     torch.autograd.backward(
[rank0]:   File "/usr/local/lib/python3.11/dist-packages/torch/autograd/__init__.py", line 364, in backward
[rank0]:     _engine_run_backward(
[rank0]:   File "/usr/local/lib/python3.11/dist-packages/torch/autograd/graph.py", line 865, in _engine_run_backward
[rank0]:     return Variable._execution_engine.run_backward(  # Calls into the C++ engine to run the backward pass
[rank0]:            ^^^^^^^^^^^^^^^^^^^^^^^^^^^^^^^^^^^^^^^^^^^^^^^^^^^^^^^^^^^^^^^^^^^^^^^^^^^^^^^^^^^^^^^^^^^^^^
[rank0]:   File "/usr/local/lib/python3.11/dist-packages/torch/autograd/function.py", line 317, in apply
[rank0]:     return user_fn(self, *args)
[rank0]:            ^^^^^^^^^^^^^^^^^^^^
[rank0]:   File "/usr/local/lib/python3.11/dist-packages/torch/_functorch/_aot_autograd/runtime_wrappers.py", line 2338, in backward
[rank0]:     return impl_fn()
[rank0]:            ^^^^^^^^^
[rank0]:   File "/usr/local/lib/python3.11/dist-packages/torch/_functorch/_aot_autograd/runtime_wrappers.py", line 2324, in impl_fn
[rank0]:     out = CompiledFunction._backward_impl(ctx, all_args)
[rank0]:           ^^^^^^^^^^^^^^^^^^^^^^^^^^^^^^^^^^^^^^^^^^^^^^
[rank0]:   File "/usr/local/lib/python3.11/dist-packages/torch/_functorch/_aot_autograd/runtime_wrappers.py", line 2465, in _backward_impl
[rank0]:     CompiledFunction.compiled_bw = aot_config.bw_compiler(
[rank0]:                                    ^^^^^^^^^^^^^^^^^^^^^^^
[rank0]:   File "/usr/local/lib/python3.11/dist-packages/torch/_functorch/_aot_autograd/schemas.py", line 1249, in __call__
[rank0]:     return self.compiler_fn(gm, example_inputs)
[rank0]:            ^^^^^^^^^^^^^^^^^^^^^^^^^^^^^^^^^^^^
[rank0]:   File "/usr/local/lib/python3.11/dist-packages/torch/_dynamo/backends/common.py", line 83, in _wrapped_bw_compiler
[rank0]:     disable(
[rank0]:   File "/usr/local/lib/python3.11/dist-packages/torch/_dynamo/eval_frame.py", line 1181, in _fn
[rank0]:     return fn(*args, **kwargs)
[rank0]:            ^^^^^^^^^^^^^^^^^^^
[rank0]:   File "/usr/local/lib/python3.11/dist-packages/torch/_utils_internal.py", line 97, in wrapper_function
[rank0]:     return function(*args, **kwargs)
[rank0]:            ^^^^^^^^^^^^^^^^^^^^^^^^^
[rank0]:   File "/usr/local/lib/python3.11/dist-packages/torch/_inductor/compile_fx.py", line 2716, in bw_compiler
[rank0]:     return compile_fx_backward(
[rank0]:            ^^^^^^^^^^^^^^^^^^^^
[rank0]:   File "/usr/local/lib/python3.11/dist-packages/torch/_inductor/compile_fx.py", line 2396, in compile_fx_backward
[rank0]:     return inner_compile(
[rank0]:            ^^^^^^^^^^^^^^
[rank0]:   File "/usr/local/lib/python3.11/dist-packages/torch/_inductor/compile_fx.py", line 806, in compile_fx_inner
[rank0]:     return wrap_compiler_debug(_compile_fx_inner, compiler_name="inductor")(
[rank0]:            ^^^^^^^^^^^^^^^^^^^^^^^^^^^^^^^^^^^^^^^^^^^^^^^^^^^^^^^^^^^^^^^^^
[rank0]:   File "/usr/local/lib/python3.11/dist-packages/torch/_dynamo/repro/after_aot.py", line 146, in debug_wrapper
[rank0]:     inner_compiled_fn = compiler_fn(gm, example_inputs)
[rank0]:                         ^^^^^^^^^^^^^^^^^^^^^^^^^^^^^^^
[rank0]:   File "/usr/local/lib/python3.11/dist-packages/torch/_inductor/compile_fx.py", line 1019, in _compile_fx_inner
[rank0]:     raise InductorError(e, currentframe()).with_traceback(
[rank0]:   File "/usr/local/lib/python3.11/dist-packages/torch/_inductor/compile_fx.py", line 1003, in _compile_fx_inner
[rank0]:     mb_compiled_graph = fx_codegen_and_compile(
[rank0]:                         ^^^^^^^^^^^^^^^^^^^^^^^
[rank0]:   File "/usr/local/lib/python3.11/dist-packages/torch/_inductor/compile_fx.py", line 1766, in fx_codegen_and_compile
[rank0]:     return scheme.codegen_and_compile(gm, example_inputs, inputs_to_check, graph_kwargs)
[rank0]:            ^^^^^^^^^^^^^^^^^^^^^^^^^^^^^^^^^^^^^^^^^^^^^^^^^^^^^^^^^^^^^^^^^^^^^^^^^^^^^
[rank0]:   File "/usr/local/lib/python3.11/dist-packages/torch/_inductor/compile_fx.py", line 1537, in codegen_and_compile
[rank0]:     compiled_module = graph.compile_to_module()
[rank0]:                       ^^^^^^^^^^^^^^^^^^^^^^^^^
[rank0]:   File "/usr/local/lib/python3.11/dist-packages/torch/_inductor/graph.py", line 2416, in compile_to_module
[rank0]:     return self._compile_to_module()
[rank0]:            ^^^^^^^^^^^^^^^^^^^^^^^^^
[rank0]:   File "/usr/local/lib/python3.11/dist-packages/torch/_inductor/graph.py", line 2426, in _compile_to_module
[rank0]:     mod = self._compile_to_module_lines(wrapper_code)
[rank0]:           ^^^^^^^^^^^^^^^^^^^^^^^^^^^^^^^^^^^^^^^^^^^
[rank0]:   File "/usr/local/lib/python3.11/dist-packages/torch/_inductor/graph.py", line 2501, in _compile_to_module_lines
[rank0]:     mod = PyCodeCache.load_by_key_path(
[rank0]:           ^^^^^^^^^^^^^^^^^^^^^^^^^^^^^
[rank0]:   File "/usr/local/lib/python3.11/dist-packages/torch/_inductor/codecache.py", line 3674, in load_by_key_path
[rank0]:     mod = _reload_python_module(key, path, set_sys_modules=in_toplevel)
[rank0]:           ^^^^^^^^^^^^^^^^^^^^^^^^^^^^^^^^^^^^^^^^^^^^^^^^^^^^^^^^^^^^^
[rank0]:   File "/usr/local/lib/python3.11/dist-packages/torch/_inductor/runtime/compile_tasks.py", line 35, in _reload_python_module
[rank0]:     exec(code, mod.__dict__, mod.__dict__)
[rank0]:   File "/tmp/torchinductor_root/ac/cacvjffsz6gt2ymgu4uubuj53p2etteagq7wb7xnysfmzme4ls57.py", line 2410, in <module>
[rank0]:     async_compile.wait(globals())
[rank0]:   File "/usr/local/lib/python3.11/dist-packages/torch/_inductor/async_compile.py", line 649, in wait
[rank0]:     self._wait_futures(scope)
[rank0]:   File "/usr/local/lib/python3.11/dist-packages/torch/_inductor/async_compile.py", line 669, in _wait_futures
[rank0]:     kernel = result.result()
[rank0]:              ^^^^^^^^^^^^^^^
[rank0]:   File "/usr/local/lib/python3.11/dist-packages/torch/_inductor/codecache.py", line 4417, in result
[rank0]:     return self.result_fn()
[rank0]:            ^^^^^^^^^^^^^^^^
[rank0]:   File "/usr/local/lib/python3.11/dist-packages/torch/_inductor/async_compile.py", line 447, in get_result
[rank0]:     kernel.precompile(
[rank0]:   File "/usr/local/lib/python3.11/dist-packages/torch/_inductor/runtime/triton_heuristics.py", line 444, in precompile
[rank0]:     self._make_launchers()
[rank0]:   File "/usr/local/lib/python3.11/dist-packages/torch/_inductor/runtime/triton_heuristics.py", line 613, in _make_launchers
[rank0]:     raise RuntimeError(f"No valid triton configs. {type(exc).__name__}: {exc}")
[rank0]: torch._inductor.exc.InductorError: RuntimeError: No valid triton configs. OutOfMemoryError: out of resource: triton_per_fused__fused_rms_norm__fused_rms_norm_backward__to_copy__unsafe_view_add_mul_select_sum_unsqueeze_view_15 Required: 102560 Hardware limit:101376 Reducing block sizes or `num_stages` may help.
[rank0]:[W320 10:50:21.114235794 ProcessGroupNCCL.cpp:1553] Warning: WARNING: destroy_process_group() was not called before program exit, which can leak resources. For more info, please see https://pytorch.org/docs/stable/distributed.html#shutdown (function operator())
E0320 10:50:23.403000 4143 torch/distributed/elastic/multiprocessing/api.py:984] failed (exitcode: 1) local_rank: 0 (pid: 4180) of binary: /usr/bin/python3
Traceback (most recent call last):
  File "/usr/local/bin/torchrun", line 6, in <module>
    sys.exit(main())
             ^^^^^^
  File "/usr/local/lib/python3.11/dist-packages/torch/distributed/elastic/multiprocessing/errors/__init__.py", line 362, in wrapper
    return f(*args, **kwargs)
           ^^^^^^^^^^^^^^^^^^
  File "/usr/local/lib/python3.11/dist-packages/torch/distributed/run.py", line 991, in main
    run(args)
  File "/usr/local/lib/python3.11/dist-packages/torch/distributed/run.py", line 982, in run
    elastic_launch(
  File "/usr/local/lib/python3.11/dist-packages/torch/distributed/launcher/api.py", line 170, in __call__
    return launch_agent(self._config, self._entrypoint, list(args))
           ^^^^^^^^^^^^^^^^^^^^^^^^^^^^^^^^^^^^^^^^^^^^^^^^^^^^^^^^
  File "/usr/local/lib/python3.11/dist-packages/torch/distributed/launcher/api.py", line 317, in launch_agent
    raise ChildFailedError(
torch.distributed.elastic.multiprocessing.errors.ChildFailedError: 
============================================================
train_gpt.py FAILED
------------------------------------------------------------
Failures:
  <NO_OTHER_FAILURES>
------------------------------------------------------------
Root Cause (first observed failure):
[0]:
  time      : 2026-03-20_10:50:23
  host      : aa8fa6d9188f
  rank      : 0 (local_rank: 0)
  exitcode  : 1 (pid: 4180)
  error_file: <N/A>
  traceback : To enable traceback see: https://pytorch.org/docs/stable/elastic/errors.html
============================================================
